<?xml version="1.0" encoding="UTF-8"?>
<!-- Generated by org.testng.reporters.JUnitReportReporter -->
<testsuite hostname="LAPTOP-L05GNA69" failures="0" tests="1" name="Coding.com.DataProviderToExcel" time="4.635" errors="0" timestamp="2025-01-08T02:22:31 IST" skipped="0">
  <testcase classname="Coding.com.DataProviderToExcel" name="runMeToComplete" time="4.635"/>
</testsuite> <!-- Coding.com.DataProviderToExcel -->
