<?xml version="1.0" encoding="UTF-8"?>
<!-- Generated by org.testng.reporters.JUnitReportReporter -->
<testsuite hostname="LAPTOP-L05GNA69" failures="0" tests="2" name="ComTestPackage.ExcelLink" time="9.561" errors="0" timestamp="2025-01-09T02:00:46 IST" skipped="0">
  <testcase classname="ComTestPackage.ExcelLink" name="executeMeMethod" time="4.676"/>
  <testcase classname="ComTestPackage.ExcelLink" name="executeMeMethod" time="4.885"/>
</testsuite> <!-- ComTestPackage.ExcelLink -->
