<?xml version="1.0" encoding="UTF-8"?>
<!-- Generated by org.testng.reporters.JUnitReportReporter -->
<testsuite hostname="LAPTOP-L05GNA69" failures="0" tests="1" name="demoShop.testpage.Test_Checkout" time="15.105" errors="0" timestamp="2024-11-11T01:24:47 IST" skipped="0">
  <testcase classname="demoShop.testpage.Test_Checkout" name="checkoutProcess" time="15.105"/>
</testsuite> <!-- demoShop.testpage.Test_Checkout -->
