<?xml version="1.0" encoding="UTF-8"?>
<!-- Generated by org.testng.reporters.JUnitReportReporter -->
<testsuite hostname="LAPTOP-L05GNA69" failures="0" tests="1" name="demoShop.testpage.Test_HomePageOfDemoShop" time="6.164" errors="0" timestamp="2024-09-29T23:59:21 IST" skipped="0">
  <testcase classname="demoShop.testpage.Test_HomePageOfDemoShop" name="nextPage" time="6.164"/>
</testsuite> <!-- demoShop.testpage.Test_HomePageOfDemoShop -->
