<?xml version="1.0" encoding="UTF-8"?>
<!-- Generated by org.testng.reporters.JUnitReportReporter -->
<testsuite hostname="LAPTOP-L05GNA69" failures="0" tests="1" name="sundewSolution.Test_TechnologyTransformation" time="8.056" errors="0" timestamp="2024-09-16T13:52:43 IST" skipped="0">
  <testcase classname="sundewSolution.Test_TechnologyTransformation" name="TechnologyTransformation" time="8.056"/>
</testsuite> <!-- sundewSolution.Test_TechnologyTransformation -->
