<?xml version="1.0" encoding="UTF-8"?>
<!-- Generated by org.testng.reporters.JUnitReportReporter -->
<testsuite hostname="LAPTOP-L05GNA69" failures="0" tests="1" name="demoShop.testpage.Test_LoginPageOfDemoShop" time="5.439" errors="0" timestamp="2024-07-29T00:38:14 IST" skipped="0">
  <testcase classname="demoShop.testpage.Test_LoginPageOfDemoShop" name="verifyTitleofLoginPageOfDemoShop" time="5.439"/>
</testsuite> <!-- demoShop.testpage.Test_LoginPageOfDemoShop -->
