<?xml version="1.0" encoding="UTF-8"?>
<!-- Generated by org.testng.reporters.JUnitReportReporter -->
<testsuite hostname="LAPTOP-L05GNA69" failures="0" tests="1" name="test.com.Execution.TestLoginExecution" time="9.534" errors="0" timestamp="2024-08-17T23:59:16 IST" skipped="0">
  <testcase classname="test.com.Execution.TestLoginExecution" name="testloginProcess" time="9.534"/>
</testsuite> <!-- test.com.Execution.TestLoginExecution -->
