<?xml version="1.0" encoding="UTF-8"?>
<!-- Generated by org.testng.reporters.JUnitReportReporter -->
<testsuite hostname="LAPTOP-L05GNA69" failures="0" tests="1" name="FaceBookExecute.com.LoginPageExecute" time="2.527" errors="0" timestamp="2025-01-04T23:03:50 IST" skipped="0">
  <testcase classname="FaceBookExecute.com.LoginPageExecute" name="LogintoAccount" time="2.527"/>
</testsuite> <!-- FaceBookExecute.com.LoginPageExecute -->
