<?xml version="1.0" encoding="UTF-8"?>
<!-- Generated by org.testng.reporters.JUnitReportReporter -->
<testsuite hostname="LAPTOP-L05GNA69" failures="0" tests="3" name="demoShop.testpage.Test_HomePageOfDemoShop" time="16.483" errors="0" timestamp="2024-11-30T01:57:11 IST" skipped="0">
  <testcase classname="demoShop.testpage.Test_HomePageOfDemoShop" name="nextPage" time="5.887"/>
  <testcase classname="demoShop.testpage.Test_HomePageOfDemoShop" name="verifyUserProfileOfDemoShop" time="5.409"/>
  <testcase classname="demoShop.testpage.Test_HomePageOfDemoShop" name="verifyTitileOfHomepageOfDemoShop" time="5.187"/>
</testsuite> <!-- demoShop.testpage.Test_HomePageOfDemoShop -->
