<?xml version="1.0" encoding="UTF-8"?>
<!-- Generated by org.testng.reporters.JUnitReportReporter -->
<testsuite hostname="LAPTOP-L05GNA69" failures="0" tests="1" name="test.com.Execution.TestLoginExecution" time="5.235" errors="0" timestamp="2024-11-30T01:57:11 IST" skipped="0">
  <testcase classname="test.com.Execution.TestLoginExecution" name="testloginProcess" time="5.235"/>
</testsuite> <!-- test.com.Execution.TestLoginExecution -->
