<?xml version="1.0" encoding="UTF-8"?>
<!-- Generated by org.testng.reporters.JUnitReportReporter -->
<testsuite hostname="LAPTOP-L05GNA69" failures="0" tests="1" name="demoShop.testpage.Test_AppareInShoesPageOfDemoShop" time="15.856" errors="0" timestamp="2024-11-30T01:57:11 IST" skipped="0">
  <testcase classname="demoShop.testpage.Test_AppareInShoesPageOfDemoShop" name="addShoeInCart" time="15.856"/>
</testsuite> <!-- demoShop.testpage.Test_AppareInShoesPageOfDemoShop -->
